<?xml version="1.0" encoding="UTF-8"?>
<!-- Generated by org.testng.reporters.JUnitReportReporter -->
<testsuite hostname="DESKTOP-RSTKCR4" failures="0" tests="2" name="testngpack.ActiTimeLogin" time="15.341" errors="0" timestamp="2022-06-07T09:20:25 IST" skipped="0">
  <testcase classname="testngpack.ActiTimeLogin" name="validLogin" time="8.834"/>
  <system-out/>
  <testcase classname="testngpack.ActiTimeLogin" name="validLogin" time="6.507"/>
  <system-out/>
</testsuite> <!-- testngpack.ActiTimeLogin -->
