<?xml version="1.0" encoding="UTF-8"?>
<!-- Generated by org.testng.reporters.JUnitReportReporter -->
<testsuite hostname="DESKTOP-RSTKCR4" failures="0" tests="1" name="testngpack.Demo1" time="0.001" errors="0" timestamp="2022-06-04T09:04:31 IST" skipped="0">
  <testcase classname="testngpack.Demo1" name="f" time="0.001"/>
  <system-out>
    <![CDATA[Demo method]]>
  </system-out>
</testsuite> <!-- testngpack.Demo1 -->
