<?xml version="1.0" encoding="UTF-8"?>
<!-- Generated by org.testng.reporters.JUnitReportReporter -->
<testsuite hostname="DESKTOP-RSTKCR4" failures="0" tests="5" name="testngpack.Demo" time="0.037" errors="0" timestamp="2022-06-03T09:48:27 IST" skipped="0">
  <testcase classname="testngpack.Demo" name="method1" time="0.021"/>
  <system-out>
    <![CDATA[method1]]>
  </system-out>
  <testcase classname="testngpack.Demo" name="method2" time="0.005"/>
  <system-out>
    <![CDATA[method2]]>
  </system-out>
  <testcase classname="testngpack.Demo" name="method3" time="0.006"/>
  <system-out>
    <![CDATA[method3]]>
  </system-out>
  <testcase classname="testngpack.Demo" name="method5" time="0.003"/>
  <system-out>
    <![CDATA[method5]]>
  </system-out>
  <testcase classname="testngpack.Demo" name="method4" time="0.002"/>
  <system-out>
    <![CDATA[method4]]>
  </system-out>
</testsuite> <!-- testngpack.Demo -->
