<?xml version="1.0" encoding="UTF-8"?>
<!-- Generated by org.testng.reporters.JUnitReportReporter -->
<testsuite hostname="DESKTOP-RSTKCR4" failures="0" tests="3" name="testngpack.Prog2" time="0.028" errors="0" timestamp="2022-06-07T19:34:28 IST" skipped="0">
  <testcase classname="testngpack.Prog2" name="f" time="0.004"/>
  <system-out>
    <![CDATA[f()]]>
  </system-out>
  <testcase classname="testngpack.Prog2" name="c" time="0.015"/>
  <system-out>
    <![CDATA[c()]]>
  </system-out>
  <testcase classname="testngpack.Prog2" name="g" time="0.009"/>
  <system-out>
    <![CDATA[g()]]>
  </system-out>
</testsuite> <!-- testngpack.Prog2 -->
