<?xml version="1.0" encoding="UTF-8"?>
<!-- Generated by org.testng.reporters.JUnitReportReporter -->
<testsuite hostname="DESKTOP-RSTKCR4" failures="0" tests="1" name="testngpack.Sumo" time="0.014" errors="0" timestamp="2022-06-04T09:04:31 IST" skipped="0">
  <testcase classname="testngpack.Sumo" name="b" time="0.014"/>
  <system-out>
    <![CDATA[Sumo method]]>
  </system-out>
</testsuite> <!-- testngpack.Sumo -->
