<?xml version="1.0" encoding="UTF-8"?>
<!-- Generated by org.testng.reporters.JUnitReportReporter -->
<testsuite hostname="DESKTOP-RSTKCR4" failures="0" tests="2" name="testngpack.Prog1" time="0.043" errors="0" timestamp="2022-06-07T19:23:33 IST" skipped="0">
  <testcase classname="testngpack.Prog1" name="method1" time="0.022"/>
  <system-out>
    <![CDATA[18  thread id
method1]]>
  </system-out>
  <testcase classname="testngpack.Prog1" name="method2" time="0.021"/>
  <system-out>
    <![CDATA[19  thread id
method2]]>
  </system-out>
</testsuite> <!-- testngpack.Prog1 -->
