<?xml version="1.0" encoding="UTF-8"?>
<!-- Generated by org.testng.reporters.JUnitReportReporter -->
<testsuite hostname="DESKTOP-RSTKCR4" failures="0" tests="1" name="testngpack.Class2" time="14.531" errors="0" timestamp="2022-06-07T19:18:17 IST" skipped="0">
  <testcase classname="testngpack.Class2" name="f" time="14.531"/>
  <system-out/>
</testsuite> <!-- testngpack.Class2 -->
