<?xml version="1.0" encoding="UTF-8"?>
<!-- Generated by org.testng.reporters.JUnitReportReporter -->
<testsuite hostname="DESKTOP-RSTKCR4" failures="0" tests="1" name="testngpack.Class1" time="12.910" errors="0" timestamp="2022-06-07T19:18:17 IST" skipped="0">
  <testcase classname="testngpack.Class1" name="f" time="12.910"/>
  <system-out/>
</testsuite> <!-- testngpack.Class1 -->
