<?xml version="1.0" encoding="UTF-8"?>
<!-- Generated by org.testng.reporters.JUnitReportReporter -->
<testsuite hostname="DESKTOP-RSTKCR4" failures="0" tests="6" name="testngpack.Flag7" time="0.089" errors="0" timestamp="2022-06-07T08:15:26 IST" skipped="0">
  <testcase classname="testngpack.Flag7" name="st1" time="0.033"/>
  <system-out>
    <![CDATA[st1]]>
  </system-out>
  <testcase classname="testngpack.Flag7" name="st3" time="0.020"/>
  <system-out>
    <![CDATA[st3]]>
  </system-out>
  <testcase classname="testngpack.Flag7" name="st5" time="0.003"/>
  <system-out>
    <![CDATA[st5]]>
  </system-out>
  <testcase classname="testngpack.Flag7" name="st4" time="0.014"/>
  <system-out>
    <![CDATA[st4]]>
  </system-out>
  <testcase classname="testngpack.Flag7" name="st6" time="0.010"/>
  <system-out>
    <![CDATA[st6]]>
  </system-out>
  <testcase classname="testngpack.Flag7" name="st2" time="0.009"/>
  <system-out>
    <![CDATA[st2]]>
  </system-out>
</testsuite> <!-- testngpack.Flag7 -->
